Process
=======
package-task

Command Line
============
/home/renan/Documents/GerenciadorPasse/gerenciadorpasse/target/gluonfx/aarch64-android/gvm/android_project/gradlew -p /home/renan/Documents/GerenciadorPasse/gerenciadorpasse/target/gluonfx/aarch64-android/gvm/android_project assembleDebug

Output
======
Downloading https://services.gradle.org/distributions/gradle-8.7-bin.zip
.....................................................................................................................................................................................................................................................................................................................................................................................................................................................................................................................................................................................................................................................................................................................................................................................................................................................................................................................................................................................................................................................................................................................................................................................................................................................................................................................................................................................................................................................................................................................................................................................................................................................................................................................................................................................................................................................................................................................................................................................................................................................................................................................................................................................................................................................................................................................................................................................................................................................................................................................................................................................................................................................................................................................................................................................................................................................................................................................................................................................................................................................................................................................................................................................................................................................................................................................................................................................................................................................................................................................................................................................................................................................................................................................................................................................................................................................................................................................................................................................................................................................................................................................................................................................................................................................................................................................................................................................................................................................................................................................................................................................................................................................................................................................................................................................................................................................................................................................................................................................................................................................................................................................................................................................................................................................................................................................................................................................................................................................................................................................................................................................................................................................................................................................................................................................................................................................................................................................................................................................................................................................................................................................................................................................................................................................................................................................................................................................................................................................................................................................................................................................................................................................................................................................................................................................................................................................................................................................................................................................
Unzipping /home/renan/.gradle/wrapper/dists/gradle-8.7-bin/624l31j1ldat0j4r6dari2ed3m/gradle-8.7-bin.zip to /home/renan/.gradle/wrapper/dists/gradle-8.7-bin/624l31j1ldat0j4r6dari2ed3m
Set executable permissions for: /home/renan/.gradle/wrapper/dists/gradle-8.7-bin/624l31j1ldat0j4r6dari2ed3m/gradle-8.7/bin/gradle

Welcome to Gradle 8.7!

Here are the highlights of this release:
 - Compiling and testing with Java 22
 - Cacheable Groovy script compilation
 - New methods in lazy collection properties

For more details see https://docs.gradle.org/8.7/release-notes.html

To honour the JVM settings for this build a single-use Daemon process will be forked. For more on this, please refer to https://docs.gradle.org/8.7/userguide/gradle_daemon.html#sec:disabling_the_daemon in the Gradle documentation.
Daemon will be stopped at the end of the build 

FAILURE: Build failed with an exception.

* What went wrong:
BUG! exception in phase 'semantic analysis' in source unit '_BuildScript_' Unsupported class file major version 67
> Unsupported class file major version 67

* Try:
> Run with --stacktrace option to get the stack trace.
> Run with --info or --debug option to get more log output.
> Run with --scan to get full insights.
> Get more help at https://help.gradle.org.

BUILD FAILED in 9s


Result
======
result: 1